<?xml version="1.0" encoding="UTF-8"?>
<testsuite xmlns:xsi="http://www.w3.org/2001/XMLSchema-instance" xsi:noNamespaceSchemaLocation="https://maven.apache.org/surefire/maven-surefire-plugin/xsd/surefire-test-report-3.0.xsd" version="3.0" name="com.healthfirst.server.controller.PatientControllerTest" time="2.07" tests="9" errors="3" skipped="0" failures="0">
  <properties>
[...]
</properties>
  <testcase name="verifyEmail_Success" classname="com.healthfirst.server.controller.PatientControllerTest" time="0.172">
    <system-out><![CDATA[2025-08-13T11:48:03.981+05:30  INFO 184709 --- [           main] t.c.s.AnnotationConfigContextLoaderUtils : Could not detect default configuration classes for test class [com.healthfirst.server.controller.PatientControllerTest]: PatientControllerTest does not declare any static, non-private, non-final, nested classes annotated with @Configuration.
2025-08-13T11:48:04.022+05:30  INFO 184709 --- [           main] .b.t.c.SpringBootTestContextBootstrapper : Found @SpringBootConfiguration com.healthfirst.server.HealthFirstServerApplication for test class com.healthfirst.server.controller.PatientControllerTest
2025-08-13T11:48:04.028+05:30  INFO 184709 --- [           main] o.s.b.d.r.RestartApplicationListener     : Restart disabled due to context in which it is running

  .   ____          _            __ _ _
 /\\ / ___'_ __ _ _(_)_ __  __ _ \ \ \ \
( ( )\___ | '_ | '_| | '_ \/ _` | \ \ \ \
 \\/  ___)| |_)| | | | | || (_| |  ) ) ) )
  '  |____| .__|_| |_|_| |_\__, | / / / /
 =========|_|==============|___/=/_/_/_/
 :: Spring Boot ::                (v3.2.1)

2025-08-13T11:48:04.090+05:30  INFO 184709 --- [           main] c.h.s.controller.PatientControllerTest   : Starting PatientControllerTest using Java 17.0.6 with PID 184709 (started by ttpl-lnv15-092 in /home/ttpl-lnv15-092/Documents/1 aug/java-node-ai-suit-9/health-first-server)
2025-08-13T11:48:04.090+05:30 DEBUG 184709 --- [           main] c.h.s.controller.PatientControllerTest   : Running with Spring Boot v3.2.1, Spring v6.1.2
2025-08-13T11:48:04.091+05:30  INFO 184709 --- [           main] c.h.s.controller.PatientControllerTest   : The following 1 profile is active: "test"
2025-08-13T11:48:04.093+05:30 DEBUG 184709 --- [           main] o.s.w.c.s.GenericWebApplicationContext   : Refreshing org.springframework.web.context.support.GenericWebApplicationContext@76b24f7b
2025-08-13T11:48:04.372+05:30  INFO 184709 --- [           main] .s.d.r.c.RepositoryConfigurationDelegate : Bootstrapping Spring Data JPA repositories in DEFAULT mode.
2025-08-13T11:48:04.391+05:30  INFO 184709 --- [           main] .s.d.r.c.RepositoryConfigurationDelegate : Finished Spring Data repository scanning in 18 ms. Found 4 JPA repository interfaces.
2025-08-13T11:48:04.589+05:30  INFO 184709 --- [           main] o.hibernate.jpa.internal.util.LogHelper  : HHH000204: Processing PersistenceUnitInfo [name: default]
2025-08-13T11:48:04.591+05:30  INFO 184709 --- [           main] o.h.c.internal.RegionFactoryInitiator    : HHH000026: Second-level cache disabled
2025-08-13T11:48:04.594+05:30  INFO 184709 --- [           main] o.s.o.j.p.SpringPersistenceUnitInfo      : No LoadTimeWeaver setup: ignoring JPA class transformer
2025-08-13T11:48:04.595+05:30  INFO 184709 --- [           main] com.zaxxer.hikari.HikariDataSource       : HikariPool-2 - Starting...
2025-08-13T11:48:04.759+05:30  INFO 184709 --- [           main] com.zaxxer.hikari.pool.HikariPool        : HikariPool-2 - Added connection org.postgresql.jdbc.PgConnection@325ca360
2025-08-13T11:48:04.760+05:30  INFO 184709 --- [           main] com.zaxxer.hikari.HikariDataSource       : HikariPool-2 - Start completed.
2025-08-13T11:48:04.767+05:30  WARN 184709 --- [           main] org.hibernate.orm.deprecation            : HHH90000025: PostgreSQLDialect does not need to be specified explicitly using 'hibernate.dialect' (remove the property setting and it will be selected by default)
2025-08-13T11:48:04.926+05:30  INFO 184709 --- [           main] o.h.e.t.j.p.i.JtaPlatformInitiator       : HHH000489: No JTA platform available (set 'hibernate.transaction.jta.platform' to enable JTA platform integration)
2025-08-13T11:48:04.932+05:30 DEBUG 184709 --- [           main] org.hibernate.SQL                        : 
    alter table if exists appointment_slots 
       drop constraint if exists FKftxjajf2t5r4ahhur7l1goj0g
Hibernate: 
    alter table if exists appointment_slots 
       drop constraint if exists FKftxjajf2t5r4ahhur7l1goj0g
2025-08-13T11:48:04.938+05:30 DEBUG 184709 --- [           main] org.hibernate.SQL                        : 
    alter table if exists appointment_slots 
       drop constraint if exists FKpmfyqwawdwtsbl0fvf68ns3bs
Hibernate: 
    alter table if exists appointment_slots 
       drop constraint if exists FKpmfyqwawdwtsbl0fvf68ns3bs
2025-08-13T11:48:04.939+05:30 DEBUG 184709 --- [           main] org.hibernate.SQL                        : 
    alter table if exists appointment_slots 
       drop constraint if exists FKjcceiw4ssitqttyycjy6616xd
Hibernate: 
    alter table if exists appointment_slots 
       drop constraint if exists FKjcceiw4ssitqttyycjy6616xd
2025-08-13T11:48:04.941+05:30 DEBUG 184709 --- [           main] org.hibernate.SQL                        : 
    alter table if exists patient_medical_history 
       drop constraint if exists FKh1h5vct3rhl2mei2663c58ykn
Hibernate: 
    alter table if exists patient_medical_history 
       drop constraint if exists FKh1h5vct3rhl2mei2663c58ykn
2025-08-13T11:48:04.942+05:30 DEBUG 184709 --- [           main] org.hibernate.SQL                        : 
    alter table if exists provider_availability 
       drop constraint if exists FKf63f5ogx2p3oj9lc53c6jlod7
Hibernate: 
    alter table if exists provider_availability 
       drop constraint if exists FKf63f5ogx2p3oj9lc53c6jlod7
2025-08-13T11:48:04.943+05:30 DEBUG 184709 --- [           main] org.hibernate.SQL                        : 
    alter table if exists provider_availability_special_requirements 
       drop constraint if exists FKq97w1pm46bjvr3dj7jarvquny
Hibernate: 
    alter table if exists provider_availability_special_requirements 
       drop constraint if exists FKq97w1pm46bjvr3dj7jarvquny
2025-08-13T11:48:04.945+05:30 DEBUG 184709 --- [           main] org.hibernate.SQL                        : 
    drop table if exists appointment_slots cascade
Hibernate: 
    drop table if exists appointment_slots cascade
2025-08-13T11:48:04.948+05:30 DEBUG 184709 --- [           main] org.hibernate.SQL                        : 
    drop table if exists patient_medical_history cascade
Hibernate: 
    drop table if exists patient_medical_history cascade
2025-08-13T11:48:04.950+05:30 DEBUG 184709 --- [           main] org.hibernate.SQL                        : 
    drop table if exists patients cascade
Hibernate: 
    drop table if exists patients cascade
2025-08-13T11:48:04.952+05:30 DEBUG 184709 --- [           main] org.hibernate.SQL                        : 
    drop table if exists provider_availability cascade
Hibernate: 
    drop table if exists provider_availability cascade
2025-08-13T11:48:04.955+05:30 DEBUG 184709 --- [           main] org.hibernate.SQL                        : 
    drop table if exists provider_availability_special_requirements cascade
Hibernate: 
    drop table if exists provider_availability_special_requirements cascade
2025-08-13T11:48:04.956+05:30 DEBUG 184709 --- [           main] org.hibernate.SQL                        : 
    drop table if exists providers cascade
Hibernate: 
    drop table if exists providers cascade
2025-08-13T11:48:04.965+05:30 DEBUG 184709 --- [           main] org.hibernate.SQL                        : 
    create table appointment_slots (
        availability_id bigint not null,
        created_at timestamp(6) with time zone not null,
        id bigserial not null,
        patient_id bigint,
        provider_id bigint not null,
        slot_end_time timestamp(6) with time zone not null,
        slot_start_time timestamp(6) with time zone not null,
        updated_at timestamp(6) with time zone not null,
        uuid uuid not null unique,
        appointment_type varchar(255),
        booking_reference varchar(255) unique,
        status varchar(255) not null check (status in ('AVAILABLE','BOOKED','CANCELLED','BLOCKED')),
        primary key (id)
    )
Hibernate: 
    create table appointment_slots (
        availability_id bigint not null,
        created_at timestamp(6) with time zone not null,
        id bigserial not null,
        patient_id bigint,
        provider_id bigint not null,
        slot_end_time timestamp(6) with time zone not null,
        slot_start_time timestamp(6) with time zone not null,
        updated_at timestamp(6) with time zone not null,
        uuid uuid not null unique,
        appointment_type varchar(255),
        booking_reference varchar(255) unique,
        status varchar(255) not null check (status in ('AVAILABLE','BOOKED','CANCELLED','BLOCKED')),
        primary key (id)
    )
2025-08-13T11:48:04.991+05:30 DEBUG 184709 --- [           main] org.hibernate.SQL                        : 
    create table patient_medical_history (
        patient_id bigint not null,
        medical_history varchar(255)
    )
Hibernate: 
    create table patient_medical_history (
        patient_id bigint not null,
        medical_history varchar(255)
    )
2025-08-13T11:48:04.993+05:30 DEBUG 184709 --- [           main] org.hibernate.SQL                        : 
    create table patients (
        date_of_birth date not null,
        email_verified boolean not null,
        is_active boolean not null,
        phone_verified boolean not null,
        created_at timestamp(6) with time zone,
        id bigserial not null,
        updated_at timestamp(6) with time zone,
        uuid uuid not null unique,
        first_name varchar(50) not null,
        last_name varchar(50) not null,
        city varchar(255),
        email varchar(255) not null unique,
        gender varchar(255) not null check (gender in ('MALE','FEMALE','OTHER','PREFER_NOT_TO_SAY')),
        name varchar(255),
        password_hash varchar(255) not null,
        phone varchar(255),
        phone_number varchar(255) not null unique,
        policy_number varchar(255),
        provider varchar(255),
        relationship varchar(255),
        state varchar(255),
        street varchar(255),
        zip varchar(255),
        primary key (id)
    )
Hibernate: 
    create table patients (
        date_of_birth date not null,
        email_verified boolean not null,
        is_active boolean not null,
        phone_verified boolean not null,
        created_at timestamp(6) with time zone,
        id bigserial not null,
        updated_at timestamp(6) with time zone,
        uuid uuid not null unique,
        first_name varchar(50) not null,
        last_name varchar(50) not null,
        city varchar(255),
        email varchar(255) not null unique,
        gender varchar(255) not null check (gender in ('MALE','FEMALE','OTHER','PREFER_NOT_TO_SAY')),
        name varchar(255),
        password_hash varchar(255) not null,
        phone varchar(255),
        phone_number varchar(255) not null unique,
        policy_number varchar(255),
        provider varchar(255),
        relationship varchar(255),
        state varchar(255),
        street varchar(255),
        zip varchar(255),
        primary key (id)
    )
2025-08-13T11:48:05.004+05:30 DEBUG 184709 --- [           main] org.hibernate.SQL                        : 
    create table provider_availability (
        base_fee numeric(10,2),
        break_duration integer not null check ((break_duration>=0) and (break_duration<=120)),
        current_appointments integer not null check (current_appointments>=0),
        date date not null,
        end_time time(6) not null,
        insurance_accepted boolean,
        is_recurring boolean not null,
        max_appointments_per_slot integer not null check ((max_appointments_per_slot>=1) and (max_appointments_per_slot<=10)),
        recurrence_end_date date,
        slot_duration integer not null check ((slot_duration<=480) and (slot_duration>=15)),
        start_time time(6) not null,
        created_at timestamp(6) with time zone not null,
        id bigserial not null,
        provider_id bigint not null,
        updated_at timestamp(6) with time zone not null,
        uuid uuid not null unique,
        notes TEXT,
        appointment_type varchar(255) not null check (appointment_type in ('CONSULTATION','FOLLOW_UP','EMERGENCY','TELEMEDICINE')),
        currency varchar(255),
        location_address varchar(255),
        location_type varchar(255) not null check (location_type in ('CLINIC','HOSPITAL','TELEMEDICINE','HOME_VISIT')),
        recurrence_pattern varchar(255) check (recurrence_pattern in ('DAILY','WEEKLY','MONTHLY')),
        room_number varchar(255),
        status varchar(255) not null check (status in ('AVAILABLE','BOOKED','CANCELLED','BLOCKED','MAINTENANCE')),
        timezone varchar(255) not null,
        primary key (id)
    )
Hibernate: 
    create table provider_availability (
        base_fee numeric(10,2),
        break_duration integer not null check ((break_duration>=0) and (break_duration<=120)),
        current_appointments integer not null check (current_appointments>=0),
        date date not null,
        end_time time(6) not null,
        insurance_accepted boolean,
        is_recurring boolean not null,
        max_appointments_per_slot integer not null check ((max_appointments_per_slot>=1) and (max_appointments_per_slot<=10)),
        recurrence_end_date date,
        slot_duration integer not null check ((slot_duration<=480) and (slot_duration>=15)),
        start_time time(6) not null,
        created_at timestamp(6) with time zone not null,
        id bigserial not null,
        provider_id bigint not null,
        updated_at timestamp(6) with time zone not null,
        uuid uuid not null unique,
        notes TEXT,
        appointment_type varchar(255) not null check (appointment_type in ('CONSULTATION','FOLLOW_UP','EMERGENCY','TELEMEDICINE')),
        currency varchar(255),
        location_address varchar(255),
        location_type varchar(255) not null check (location_type in ('CLINIC','HOSPITAL','TELEMEDICINE','HOME_VISIT')),
        recurrence_pattern varchar(255) check (recurrence_pattern in ('DAILY','WEEKLY','MONTHLY')),
        room_number varchar(255),
        status varchar(255) not null check (status in ('AVAILABLE','BOOKED','CANCELLED','BLOCKED','MAINTENANCE')),
        timezone varchar(255) not null,
        primary key (id)
    )
2025-08-13T11:48:05.014+05:30 DEBUG 184709 --- [           main] org.hibernate.SQL                        : 
    create table provider_availability_special_requirements (
        availability_id bigint not null,
        requirement varchar(255)
    )
Hibernate: 
    create table provider_availability_special_requirements (
        availability_id bigint not null,
        requirement varchar(255)
    )
2025-08-13T11:48:05.017+05:30 DEBUG 184709 --- [           main] org.hibernate.SQL                        : 
    create table providers (
        is_active boolean not null,
        years_of_experience integer check ((years_of_experience>=0) and (years_of_experience<=50)),
        created_at timestamp(6) not null,
        id bigserial not null,
        updated_at timestamp(6) not null,
        uuid uuid not null unique,
        first_name varchar(50) not null,
        last_name varchar(50) not null,
        specialization varchar(100) not null,
        clinic_city varchar(255) not null,
        clinic_state varchar(255) not null,
        clinic_street varchar(255) not null,
        clinic_zip varchar(255) not null,
        email varchar(255) not null unique,
        license_number varchar(255) not null unique,
        password_hash varchar(255) not null,
        phone_number varchar(255) not null unique,
        verification_status varchar(255) not null check (verification_status in ('PENDING','VERIFIED','REJECTED')),
        primary key (id)
    )
Hibernate: 
    create table providers (
        is_active boolean not null,
        years_of_experience integer check ((years_of_experience>=0) and (years_of_experience<=50)),
        created_at timestamp(6) not null,
        id bigserial not null,
        updated_at timestamp(6) not null,
        uuid uuid not null unique,
        first_name varchar(50) not null,
        last_name varchar(50) not null,
        specialization varchar(100) not null,
        clinic_city varchar(255) not null,
        clinic_state varchar(255) not null,
        clinic_street varchar(255) not null,
        clinic_zip varchar(255) not null,
        email varchar(255) not null unique,
        license_number varchar(255) not null unique,
        password_hash varchar(255) not null,
        phone_number varchar(255) not null unique,
        verification_status varchar(255) not null check (verification_status in ('PENDING','VERIFIED','REJECTED')),
        primary key (id)
    )
2025-08-13T11:48:05.025+05:30 DEBUG 184709 --- [           main] org.hibernate.SQL                        : 
    alter table if exists appointment_slots 
       add constraint FKftxjajf2t5r4ahhur7l1goj0g 
       foreign key (availability_id) 
       references provider_availability
Hibernate: 
    alter table if exists appointment_slots 
       add constraint FKftxjajf2t5r4ahhur7l1goj0g 
       foreign key (availability_id) 
       references provider_availability
2025-08-13T11:48:05.028+05:30 DEBUG 184709 --- [           main] org.hibernate.SQL                        : 
    alter table if exists appointment_slots 
       add constraint FKpmfyqwawdwtsbl0fvf68ns3bs 
       foreign key (patient_id) 
       references patients
Hibernate: 
    alter table if exists appointment_slots 
       add constraint FKpmfyqwawdwtsbl0fvf68ns3bs 
       foreign key (patient_id) 
       references patients
2025-08-13T11:48:05.030+05:30 DEBUG 184709 --- [           main] org.hibernate.SQL                        : 
    alter table if exists appointment_slots 
       add constraint FKjcceiw4ssitqttyycjy6616xd 
       foreign key (provider_id) 
       references providers
Hibernate: 
    alter table if exists appointment_slots 
       add constraint FKjcceiw4ssitqttyycjy6616xd 
       foreign key (provider_id) 
       references providers
2025-08-13T11:48:05.032+05:30 DEBUG 184709 --- [           main] org.hibernate.SQL                        : 
    alter table if exists patient_medical_history 
       add constraint FKh1h5vct3rhl2mei2663c58ykn 
       foreign key (patient_id) 
       references patients
Hibernate: 
    alter table if exists patient_medical_history 
       add constraint FKh1h5vct3rhl2mei2663c58ykn 
       foreign key (patient_id) 
       references patients
2025-08-13T11:48:05.034+05:30 DEBUG 184709 --- [           main] org.hibernate.SQL                        : 
    alter table if exists provider_availability 
       add constraint FKf63f5ogx2p3oj9lc53c6jlod7 
       foreign key (provider_id) 
       references providers
Hibernate: 
    alter table if exists provider_availability 
       add constraint FKf63f5ogx2p3oj9lc53c6jlod7 
       foreign key (provider_id) 
       references providers
2025-08-13T11:48:05.036+05:30 DEBUG 184709 --- [           main] org.hibernate.SQL                        : 
    alter table if exists provider_availability_special_requirements 
       add constraint FKq97w1pm46bjvr3dj7jarvquny 
       foreign key (availability_id) 
       references provider_availability
Hibernate: 
    alter table if exists provider_availability_special_requirements 
       add constraint FKq97w1pm46bjvr3dj7jarvquny 
       foreign key (availability_id) 
       references provider_availability
2025-08-13T11:48:05.040+05:30  INFO 184709 --- [           main] j.LocalContainerEntityManagerFactoryBean : Initialized JPA EntityManagerFactory for persistence unit 'default'
2025-08-13T11:48:05.381+05:30  WARN 184709 --- [           main] JpaBaseConfiguration$JpaWebConfiguration : spring.jpa.open-in-view is enabled by default. Therefore, database queries may be performed during view rendering. Explicitly configure spring.jpa.open-in-view to disable this warning
2025-08-13T11:48:05.436+05:30 DEBUG 184709 --- [           main] s.w.s.m.m.a.RequestMappingHandlerMapping : 39 mappings in 'requestMappingHandlerMapping'
2025-08-13T11:48:05.485+05:30 DEBUG 184709 --- [           main] o.s.w.s.handler.SimpleUrlHandlerMapping  : Patterns [/webjars/**, /**, /swagger-ui*/*swagger-initializer.js, /swagger-ui*/**] in 'resourceHandlerMapping'
2025-08-13T11:48:05.498+05:30  INFO 184709 --- [           main] o.s.s.web.DefaultSecurityFilterChain     : Will secure any request with [org.springframework.security.web.session.DisableEncodeUrlFilter@39ba0bff, org.springframework.security.web.context.request.async.WebAsyncManagerIntegrationFilter@a54164d, org.springframework.security.web.context.SecurityContextHolderFilter@3e445475, org.springframework.security.web.header.HeaderWriterFilter@7f8ccfcc, org.springframework.web.filter.CorsFilter@417430c8, org.springframework.security.web.authentication.logout.LogoutFilter@d67d742, org.springframework.security.web.savedrequest.RequestCacheAwareFilter@2e7ce7b, org.springframework.security.web.servletapi.SecurityContextHolderAwareRequestFilter@1b0c9344, org.springframework.security.web.authentication.AnonymousAuthenticationFilter@3c95bbb4, org.springframework.security.web.session.SessionManagementFilter@5a7a1c19, org.springframework.security.web.access.ExceptionTranslationFilter@558d3254, org.springframework.security.web.access.intercept.AuthorizationFilter@4e26774d]
2025-08-13T11:48:05.545+05:30 DEBUG 184709 --- [           main] s.w.s.m.m.a.RequestMappingHandlerAdapter : ControllerAdvice beans: 0 @ModelAttribute, 0 @InitBinder, 1 RequestBodyAdvice, 1 ResponseBodyAdvice
2025-08-13T11:48:05.549+05:30 DEBUG 184709 --- [           main] .m.m.a.ExceptionHandlerExceptionResolver : ControllerAdvice beans: 2 @ExceptionHandler, 1 ResponseBodyAdvice
2025-08-13T11:48:05.667+05:30  INFO 184709 --- [           main] c.h.s.controller.PatientControllerTest   : Started PatientControllerTest in 1.639 seconds (process running for 8.075)
2025-08-13T11:48:05.690+05:30  INFO 184709 --- [           main] o.s.b.t.m.w.SpringBootMockServletContext : Initializing Spring TestDispatcherServlet ''
2025-08-13T11:48:05.691+05:30  INFO 184709 --- [           main] o.s.t.web.servlet.TestDispatcherServlet  : Initializing Servlet ''
2025-08-13T11:48:05.692+05:30  INFO 184709 --- [           main] o.s.t.web.servlet.TestDispatcherServlet  : Completed initialization in 1 ms
2025-08-13T11:48:05.729+05:30 DEBUG 184709 --- [           main] s.w.s.m.m.a.RequestMappingHandlerMapping : Mapped to com.healthfirst.server.controller.PatientController#verifyEmail(UUID)
2025-08-13T11:48:05.781+05:30 DEBUG 184709 --- [           main] o.s.w.s.m.m.a.HttpEntityMethodProcessor  : Using 'application/json', given [*/*] and supported [application/json, application/*+json]
2025-08-13T11:48:05.782+05:30 DEBUG 184709 --- [           main] o.s.w.s.m.m.a.HttpEntityMethodProcessor  : Writing [com.healthfirst.server.dto.ApiResponse@6abc82c7]
]]></system-out>
  </testcase>
  <testcase name="registerPatient_ServiceException" classname="com.healthfirst.server.controller.PatientControllerTest" time="0.02">
    <error message="Java 8 date/time type `java.time.LocalDate` not supported by default: add Module &quot;com.fasterxml.jackson.datatype:jackson-datatype-jsr310&quot; to enable handling (through reference chain: com.healthfirst.server.dto.PatientRegistrationRequest[&quot;dateOfBirth&quot;])" type="com.fasterxml.jackson.databind.exc.InvalidDefinitionException"><![CDATA[com.fasterxml.jackson.databind.exc.InvalidDefinitionException: Java 8 date/time type `java.time.LocalDate` not supported by default: add Module "com.fasterxml.jackson.datatype:jackson-datatype-jsr310" to enable handling (through reference chain: com.healthfirst.server.dto.PatientRegistrationRequest["dateOfBirth"])
	at com.fasterxml.jackson.databind.exc.InvalidDefinitionException.from(InvalidDefinitionException.java:77)
	at com.fasterxml.jackson.databind.SerializerProvider.reportBadDefinition(SerializerProvider.java:1308)
	at com.fasterxml.jackson.databind.ser.impl.UnsupportedTypeSerializer.serialize(UnsupportedTypeSerializer.java:35)
	at com.fasterxml.jackson.databind.ser.BeanPropertyWriter.serializeAsField(BeanPropertyWriter.java:732)
	at com.fasterxml.jackson.databind.ser.std.BeanSerializerBase.serializeFields(BeanSerializerBase.java:772)
	at com.fasterxml.jackson.databind.ser.BeanSerializer.serialize(BeanSerializer.java:178)
	at com.fasterxml.jackson.databind.ser.DefaultSerializerProvider._serialize(DefaultSerializerProvider.java:479)
	at com.fasterxml.jackson.databind.ser.DefaultSerializerProvider.serializeValue(DefaultSerializerProvider.java:318)
	at com.fasterxml.jackson.databind.ObjectMapper._writeValueAndClose(ObjectMapper.java:4719)
	at com.fasterxml.jackson.databind.ObjectMapper.writeValueAsString(ObjectMapper.java:3964)
	at com.healthfirst.server.controller.PatientControllerTest.registerPatient_ServiceException(PatientControllerTest.java:190)
	at java.base/java.lang.reflect.Method.invoke(Method.java:568)
	at java.base/java.util.ArrayList.forEach(ArrayList.java:1511)
	at java.base/java.util.ArrayList.forEach(ArrayList.java:1511)
]]></error>
    <system-out><![CDATA[2025-08-13T11:48:05.848+05:30  INFO 184709 --- [           main] o.s.b.t.m.w.SpringBootMockServletContext : Initializing Spring TestDispatcherServlet ''
2025-08-13T11:48:05.848+05:30  INFO 184709 --- [           main] o.s.t.web.servlet.TestDispatcherServlet  : Initializing Servlet ''
2025-08-13T11:48:05.849+05:30  INFO 184709 --- [           main] o.s.t.web.servlet.TestDispatcherServlet  : Completed initialization in 1 ms
]]></system-out>
  </testcase>
  <testcase name="getPatientByUuid_Success" classname="com.healthfirst.server.controller.PatientControllerTest" time="0.019">
    <system-out><![CDATA[2025-08-13T11:48:05.872+05:30  INFO 184709 --- [           main] o.s.b.t.m.w.SpringBootMockServletContext : Initializing Spring TestDispatcherServlet ''
2025-08-13T11:48:05.872+05:30  INFO 184709 --- [           main] o.s.t.web.servlet.TestDispatcherServlet  : Initializing Servlet ''
2025-08-13T11:48:05.873+05:30  INFO 184709 --- [           main] o.s.t.web.servlet.TestDispatcherServlet  : Completed initialization in 1 ms
2025-08-13T11:48:05.876+05:30 DEBUG 184709 --- [           main] s.w.s.m.m.a.RequestMappingHandlerMapping : Mapped to com.healthfirst.server.controller.PatientController#getPatientByUuid(UUID)
2025-08-13T11:48:05.878+05:30 DEBUG 184709 --- [           main] o.s.w.s.m.m.a.HttpEntityMethodProcessor  : Using 'application/json', given [*/*] and supported [application/json, application/*+json]
2025-08-13T11:48:05.878+05:30 DEBUG 184709 --- [           main] o.s.w.s.m.m.a.HttpEntityMethodProcessor  : Writing [com.healthfirst.server.dto.ApiResponse@754326ca]
]]></system-out>
  </testcase>
  <testcase name="deactivatePatient_Success" classname="com.healthfirst.server.controller.PatientControllerTest" time="0.011">
    <system-out><![CDATA[2025-08-13T11:48:05.895+05:30  INFO 184709 --- [           main] o.s.b.t.m.w.SpringBootMockServletContext : Initializing Spring TestDispatcherServlet ''
2025-08-13T11:48:05.895+05:30  INFO 184709 --- [           main] o.s.t.web.servlet.TestDispatcherServlet  : Initializing Servlet ''
2025-08-13T11:48:05.896+05:30  INFO 184709 --- [           main] o.s.t.web.servlet.TestDispatcherServlet  : Completed initialization in 1 ms
2025-08-13T11:48:05.897+05:30 DEBUG 184709 --- [           main] s.w.s.m.m.a.RequestMappingHandlerMapping : Mapped to com.healthfirst.server.controller.PatientController#deactivatePatient(UUID)
2025-08-13T11:48:05.898+05:30 DEBUG 184709 --- [           main] o.s.w.s.m.m.a.HttpEntityMethodProcessor  : Using 'application/json', given [*/*] and supported [application/json, application/*+json]
2025-08-13T11:48:05.898+05:30 DEBUG 184709 --- [           main] o.s.w.s.m.m.a.HttpEntityMethodProcessor  : Writing [com.healthfirst.server.dto.ApiResponse@24e60d96]
]]></system-out>
  </testcase>
  <testcase name="registerPatient_Success" classname="com.healthfirst.server.controller.PatientControllerTest" time="0.012">
    <error message="Java 8 date/time type `java.time.LocalDate` not supported by default: add Module &quot;com.fasterxml.jackson.datatype:jackson-datatype-jsr310&quot; to enable handling (through reference chain: com.healthfirst.server.dto.PatientRegistrationRequest[&quot;dateOfBirth&quot;])" type="com.fasterxml.jackson.databind.exc.InvalidDefinitionException"><![CDATA[com.fasterxml.jackson.databind.exc.InvalidDefinitionException: Java 8 date/time type `java.time.LocalDate` not supported by default: add Module "com.fasterxml.jackson.datatype:jackson-datatype-jsr310" to enable handling (through reference chain: com.healthfirst.server.dto.PatientRegistrationRequest["dateOfBirth"])
	at com.fasterxml.jackson.databind.exc.InvalidDefinitionException.from(InvalidDefinitionException.java:77)
	at com.fasterxml.jackson.databind.SerializerProvider.reportBadDefinition(SerializerProvider.java:1308)
	at com.fasterxml.jackson.databind.ser.impl.UnsupportedTypeSerializer.serialize(UnsupportedTypeSerializer.java:35)
	at com.fasterxml.jackson.databind.ser.BeanPropertyWriter.serializeAsField(BeanPropertyWriter.java:732)
	at com.fasterxml.jackson.databind.ser.std.BeanSerializerBase.serializeFields(BeanSerializerBase.java:772)
	at com.fasterxml.jackson.databind.ser.BeanSerializer.serialize(BeanSerializer.java:178)
	at com.fasterxml.jackson.databind.ser.DefaultSerializerProvider._serialize(DefaultSerializerProvider.java:479)
	at com.fasterxml.jackson.databind.ser.DefaultSerializerProvider.serializeValue(DefaultSerializerProvider.java:318)
	at com.fasterxml.jackson.databind.ObjectMapper._writeValueAndClose(ObjectMapper.java:4719)
	at com.fasterxml.jackson.databind.ObjectMapper.writeValueAsString(ObjectMapper.java:3964)
	at com.healthfirst.server.controller.PatientControllerTest.registerPatient_Success(PatientControllerTest.java:154)
	at java.base/java.lang.reflect.Method.invoke(Method.java:568)
	at java.base/java.util.ArrayList.forEach(ArrayList.java:1511)
	at java.base/java.util.ArrayList.forEach(ArrayList.java:1511)
]]></error>
    <system-out><![CDATA[2025-08-13T11:48:05.905+05:30  INFO 184709 --- [           main] o.s.b.t.m.w.SpringBootMockServletContext : Initializing Spring TestDispatcherServlet ''
2025-08-13T11:48:05.905+05:30  INFO 184709 --- [           main] o.s.t.web.servlet.TestDispatcherServlet  : Initializing Servlet ''
2025-08-13T11:48:05.906+05:30  INFO 184709 --- [           main] o.s.t.web.servlet.TestDispatcherServlet  : Completed initialization in 1 ms
]]></system-out>
  </testcase>
  <testcase name="loginPatient_Success" classname="com.healthfirst.server.controller.PatientControllerTest" time="0.086">
    <system-out><![CDATA[2025-08-13T11:48:05.919+05:30  INFO 184709 --- [           main] o.s.b.t.m.w.SpringBootMockServletContext : Initializing Spring TestDispatcherServlet ''
2025-08-13T11:48:05.920+05:30  INFO 184709 --- [           main] o.s.t.web.servlet.TestDispatcherServlet  : Initializing Servlet ''
2025-08-13T11:48:05.921+05:30  INFO 184709 --- [           main] o.s.t.web.servlet.TestDispatcherServlet  : Completed initialization in 1 ms
2025-08-13T11:48:05.925+05:30 DEBUG 184709 --- [           main] s.w.s.m.m.a.RequestMappingHandlerMapping : Mapped to com.healthfirst.server.controller.PatientController#loginPatient(PatientLoginRequest)
2025-08-13T11:48:05.954+05:30 DEBUG 184709 --- [           main] m.m.a.RequestResponseBodyMethodProcessor : Read "application/json" to [com.healthfirst.server.dto.PatientLoginRequest@5b1965ea]
2025-08-13T11:48:05.992+05:30 DEBUG 184709 --- [           main] o.s.w.s.m.m.a.HttpEntityMethodProcessor  : Using 'application/json', given [*/*] and supported [application/json, application/*+json]
2025-08-13T11:48:05.993+05:30 DEBUG 184709 --- [           main] o.s.w.s.m.m.a.HttpEntityMethodProcessor  : Writing [com.healthfirst.server.dto.ApiResponse@10d85b0f]
]]></system-out>
  </testcase>
  <testcase name="getPatientByUuid_NotFound" classname="com.healthfirst.server.controller.PatientControllerTest" time="0.01">
    <system-out><![CDATA[2025-08-13T11:48:06.006+05:30  INFO 184709 --- [           main] o.s.b.t.m.w.SpringBootMockServletContext : Initializing Spring TestDispatcherServlet ''
2025-08-13T11:48:06.006+05:30  INFO 184709 --- [           main] o.s.t.web.servlet.TestDispatcherServlet  : Initializing Servlet ''
2025-08-13T11:48:06.007+05:30  INFO 184709 --- [           main] o.s.t.web.servlet.TestDispatcherServlet  : Completed initialization in 1 ms
2025-08-13T11:48:06.008+05:30 DEBUG 184709 --- [           main] s.w.s.m.m.a.RequestMappingHandlerMapping : Mapped to com.healthfirst.server.controller.PatientController#getPatientByUuid(UUID)
2025-08-13T11:48:06.010+05:30 DEBUG 184709 --- [           main] o.s.w.s.m.m.a.HttpEntityMethodProcessor  : Using 'application/json', given [*/*] and supported [application/json, application/*+json]
2025-08-13T11:48:06.010+05:30 DEBUG 184709 --- [           main] o.s.w.s.m.m.a.HttpEntityMethodProcessor  : Writing [com.healthfirst.server.dto.ApiResponse@60754a42]
]]></system-out>
  </testcase>
  <testcase name="registerPatient_ValidationError" classname="com.healthfirst.server.controller.PatientControllerTest" time="0.009">
    <error message="Java 8 date/time type `java.time.LocalDate` not supported by default: add Module &quot;com.fasterxml.jackson.datatype:jackson-datatype-jsr310&quot; to enable handling (through reference chain: com.healthfirst.server.dto.PatientRegistrationRequest[&quot;dateOfBirth&quot;])" type="com.fasterxml.jackson.databind.exc.InvalidDefinitionException"><![CDATA[com.fasterxml.jackson.databind.exc.InvalidDefinitionException: Java 8 date/time type `java.time.LocalDate` not supported by default: add Module "com.fasterxml.jackson.datatype:jackson-datatype-jsr310" to enable handling (through reference chain: com.healthfirst.server.dto.PatientRegistrationRequest["dateOfBirth"])
	at com.fasterxml.jackson.databind.exc.InvalidDefinitionException.from(InvalidDefinitionException.java:77)
	at com.fasterxml.jackson.databind.SerializerProvider.reportBadDefinition(SerializerProvider.java:1308)
	at com.fasterxml.jackson.databind.ser.impl.UnsupportedTypeSerializer.serialize(UnsupportedTypeSerializer.java:35)
	at com.fasterxml.jackson.databind.ser.BeanPropertyWriter.serializeAsField(BeanPropertyWriter.java:732)
	at com.fasterxml.jackson.databind.ser.std.BeanSerializerBase.serializeFields(BeanSerializerBase.java:772)
	at com.fasterxml.jackson.databind.ser.BeanSerializer.serialize(BeanSerializer.java:178)
	at com.fasterxml.jackson.databind.ser.DefaultSerializerProvider._serialize(DefaultSerializerProvider.java:479)
	at com.fasterxml.jackson.databind.ser.DefaultSerializerProvider.serializeValue(DefaultSerializerProvider.java:318)
	at com.fasterxml.jackson.databind.ObjectMapper._writeValueAndClose(ObjectMapper.java:4719)
	at com.fasterxml.jackson.databind.ObjectMapper.writeValueAsString(ObjectMapper.java:3964)
	at com.healthfirst.server.controller.PatientControllerTest.registerPatient_ValidationError(PatientControllerTest.java:175)
	at java.base/java.lang.reflect.Method.invoke(Method.java:568)
	at java.base/java.util.ArrayList.forEach(ArrayList.java:1511)
	at java.base/java.util.ArrayList.forEach(ArrayList.java:1511)
]]></error>
    <system-out><![CDATA[2025-08-13T11:48:06.019+05:30  INFO 184709 --- [           main] o.s.b.t.m.w.SpringBootMockServletContext : Initializing Spring TestDispatcherServlet ''
2025-08-13T11:48:06.019+05:30  INFO 184709 --- [           main] o.s.t.web.servlet.TestDispatcherServlet  : Initializing Servlet ''
2025-08-13T11:48:06.020+05:30  INFO 184709 --- [           main] o.s.t.web.servlet.TestDispatcherServlet  : Completed initialization in 1 ms
]]></system-out>
  </testcase>
  <testcase name="loginPatient_InvalidCredentials" classname="com.healthfirst.server.controller.PatientControllerTest" time="0.012">
    <system-out><![CDATA[2025-08-13T11:48:06.031+05:30  INFO 184709 --- [           main] o.s.b.t.m.w.SpringBootMockServletContext : Initializing Spring TestDispatcherServlet ''
2025-08-13T11:48:06.031+05:30  INFO 184709 --- [           main] o.s.t.web.servlet.TestDispatcherServlet  : Initializing Servlet ''
2025-08-13T11:48:06.032+05:30  INFO 184709 --- [           main] o.s.t.web.servlet.TestDispatcherServlet  : Completed initialization in 1 ms
2025-08-13T11:48:06.035+05:30 DEBUG 184709 --- [           main] s.w.s.m.m.a.RequestMappingHandlerMapping : Mapped to com.healthfirst.server.controller.PatientController#loginPatient(PatientLoginRequest)
2025-08-13T11:48:06.036+05:30 DEBUG 184709 --- [           main] m.m.a.RequestResponseBodyMethodProcessor : Read "application/json" to [com.healthfirst.server.dto.PatientLoginRequest@4fd0f03c]
2025-08-13T11:48:06.038+05:30 DEBUG 184709 --- [           main] o.s.w.s.m.m.a.HttpEntityMethodProcessor  : Using 'application/json', given [*/*] and supported [application/json, application/*+json]
2025-08-13T11:48:06.038+05:30 DEBUG 184709 --- [           main] o.s.w.s.m.m.a.HttpEntityMethodProcessor  : Writing [com.healthfirst.server.dto.ApiResponse@69f8db6c]
]]></system-out>
  </testcase>
</testsuite>