<?xml version="1.0" encoding="UTF-8"?>
<testsuite xmlns:xsi="http://www.w3.org/2001/XMLSchema-instance" xsi:noNamespaceSchemaLocation="https://maven.apache.org/surefire/maven-surefire-plugin/xsd/surefire-test-report-3.0.xsd" version="3.0" name="com.healthfirst.server.controller.AuthControllerTest" time="4.673" tests="7" errors="0" skipped="0" failures="0">
  <properties>
[...]
</properties>
  <testcase name="login_InactiveAccount" classname="com.healthfirst.server.controller.AuthControllerTest" time="0.897">
    <system-out><![CDATA[2025-08-13T11:48:06.046+05:30  INFO 184709 --- [           main] t.c.s.AnnotationConfigContextLoaderUtils : Could not detect default configuration classes for test class [com.healthfirst.server.controller.AuthControllerTest]: AuthControllerTest does not declare any static, non-private, non-final, nested classes annotated with @Configuration.
2025-08-13T11:48:06.049+05:30  INFO 184709 --- [           main] .b.t.c.SpringBootTestContextBootstrapper : Found @SpringBootConfiguration com.healthfirst.server.HealthFirstServerApplication for test class com.healthfirst.server.controller.AuthControllerTest
2025-08-13T11:48:06.053+05:30  INFO 184709 --- [           main] o.s.b.d.r.RestartApplicationListener     : Restart disabled due to context in which it is running

  .   ____          _            __ _ _
 /\\ / ___'_ __ _ _(_)_ __  __ _ \ \ \ \
( ( )\___ | '_ | '_| | '_ \/ _` | \ \ \ \
 \\/  ___)| |_)| | | | | || (_| |  ) ) ) )
  '  |____| .__|_| |_|_| |_\__, | / / / /
 =========|_|==============|___/=/_/_/_/
 :: Spring Boot ::                (v3.2.1)

2025-08-13T11:48:06.077+05:30  INFO 184709 --- [           main] c.h.s.controller.AuthControllerTest      : Starting AuthControllerTest using Java 17.0.6 with PID 184709 (started by ttpl-lnv15-092 in /home/ttpl-lnv15-092/Documents/1 aug/java-node-ai-suit-9/health-first-server)
2025-08-13T11:48:06.078+05:30 DEBUG 184709 --- [           main] c.h.s.controller.AuthControllerTest      : Running with Spring Boot v3.2.1, Spring v6.1.2
2025-08-13T11:48:06.078+05:30  INFO 184709 --- [           main] c.h.s.controller.AuthControllerTest      : The following 1 profile is active: "test"
2025-08-13T11:48:06.079+05:30 DEBUG 184709 --- [           main] o.s.w.c.s.GenericWebApplicationContext   : Refreshing org.springframework.web.context.support.GenericWebApplicationContext@233c4b40
2025-08-13T11:48:06.221+05:30  INFO 184709 --- [           main] .s.d.r.c.RepositoryConfigurationDelegate : Bootstrapping Spring Data JPA repositories in DEFAULT mode.
2025-08-13T11:48:06.229+05:30  INFO 184709 --- [           main] .s.d.r.c.RepositoryConfigurationDelegate : Finished Spring Data repository scanning in 7 ms. Found 4 JPA repository interfaces.
2025-08-13T11:48:06.301+05:30  INFO 184709 --- [           main] o.hibernate.jpa.internal.util.LogHelper  : HHH000204: Processing PersistenceUnitInfo [name: default]
2025-08-13T11:48:06.303+05:30  INFO 184709 --- [           main] o.h.c.internal.RegionFactoryInitiator    : HHH000026: Second-level cache disabled
2025-08-13T11:48:06.305+05:30  INFO 184709 --- [           main] o.s.o.j.p.SpringPersistenceUnitInfo      : No LoadTimeWeaver setup: ignoring JPA class transformer
2025-08-13T11:48:06.306+05:30  INFO 184709 --- [           main] com.zaxxer.hikari.HikariDataSource       : HikariPool-3 - Starting...
2025-08-13T11:48:06.338+05:30  INFO 184709 --- [           main] com.zaxxer.hikari.pool.HikariPool        : HikariPool-3 - Added connection org.postgresql.jdbc.PgConnection@5c32f2bf
2025-08-13T11:48:06.338+05:30  INFO 184709 --- [           main] com.zaxxer.hikari.HikariDataSource       : HikariPool-3 - Start completed.
2025-08-13T11:48:06.343+05:30  WARN 184709 --- [           main] org.hibernate.orm.deprecation            : HHH90000025: PostgreSQLDialect does not need to be specified explicitly using 'hibernate.dialect' (remove the property setting and it will be selected by default)
2025-08-13T11:48:06.498+05:30  INFO 184709 --- [           main] o.h.e.t.j.p.i.JtaPlatformInitiator       : HHH000489: No JTA platform available (set 'hibernate.transaction.jta.platform' to enable JTA platform integration)
2025-08-13T11:48:06.498+05:30 DEBUG 184709 --- [           main] org.hibernate.SQL                        : 
    alter table if exists appointment_slots 
       drop constraint if exists FKftxjajf2t5r4ahhur7l1goj0g
Hibernate: 
    alter table if exists appointment_slots 
       drop constraint if exists FKftxjajf2t5r4ahhur7l1goj0g
2025-08-13T11:48:06.506+05:30 DEBUG 184709 --- [           main] org.hibernate.SQL                        : 
    alter table if exists appointment_slots 
       drop constraint if exists FKpmfyqwawdwtsbl0fvf68ns3bs
Hibernate: 
    alter table if exists appointment_slots 
       drop constraint if exists FKpmfyqwawdwtsbl0fvf68ns3bs
2025-08-13T11:48:06.508+05:30 DEBUG 184709 --- [           main] org.hibernate.SQL                        : 
    alter table if exists appointment_slots 
       drop constraint if exists FKjcceiw4ssitqttyycjy6616xd
Hibernate: 
    alter table if exists appointment_slots 
       drop constraint if exists FKjcceiw4ssitqttyycjy6616xd
2025-08-13T11:48:06.510+05:30 DEBUG 184709 --- [           main] org.hibernate.SQL                        : 
    alter table if exists patient_medical_history 
       drop constraint if exists FKh1h5vct3rhl2mei2663c58ykn
Hibernate: 
    alter table if exists patient_medical_history 
       drop constraint if exists FKh1h5vct3rhl2mei2663c58ykn
2025-08-13T11:48:06.511+05:30 DEBUG 184709 --- [           main] org.hibernate.SQL                        : 
    alter table if exists provider_availability 
       drop constraint if exists FKf63f5ogx2p3oj9lc53c6jlod7
Hibernate: 
    alter table if exists provider_availability 
       drop constraint if exists FKf63f5ogx2p3oj9lc53c6jlod7
2025-08-13T11:48:06.512+05:30 DEBUG 184709 --- [           main] org.hibernate.SQL                        : 
    alter table if exists provider_availability_special_requirements 
       drop constraint if exists FKq97w1pm46bjvr3dj7jarvquny
Hibernate: 
    alter table if exists provider_availability_special_requirements 
       drop constraint if exists FKq97w1pm46bjvr3dj7jarvquny
2025-08-13T11:48:06.514+05:30 DEBUG 184709 --- [           main] org.hibernate.SQL                        : 
    drop table if exists appointment_slots cascade
Hibernate: 
    drop table if exists appointment_slots cascade
2025-08-13T11:48:06.517+05:30 DEBUG 184709 --- [           main] org.hibernate.SQL                        : 
    drop table if exists patient_medical_history cascade
Hibernate: 
    drop table if exists patient_medical_history cascade
2025-08-13T11:48:06.518+05:30 DEBUG 184709 --- [           main] org.hibernate.SQL                        : 
    drop table if exists patients cascade
Hibernate: 
    drop table if exists patients cascade
2025-08-13T11:48:06.521+05:30 DEBUG 184709 --- [           main] org.hibernate.SQL                        : 
    drop table if exists provider_availability cascade
Hibernate: 
    drop table if exists provider_availability cascade
2025-08-13T11:48:06.524+05:30 DEBUG 184709 --- [           main] org.hibernate.SQL                        : 
    drop table if exists provider_availability_special_requirements cascade
Hibernate: 
    drop table if exists provider_availability_special_requirements cascade
2025-08-13T11:48:06.525+05:30 DEBUG 184709 --- [           main] org.hibernate.SQL                        : 
    drop table if exists providers cascade
Hibernate: 
    drop table if exists providers cascade
2025-08-13T11:48:06.528+05:30 DEBUG 184709 --- [           main] org.hibernate.SQL                        : 
    create table appointment_slots (
        availability_id bigint not null,
        created_at timestamp(6) with time zone not null,
        id bigserial not null,
        patient_id bigint,
        provider_id bigint not null,
        slot_end_time timestamp(6) with time zone not null,
        slot_start_time timestamp(6) with time zone not null,
        updated_at timestamp(6) with time zone not null,
        uuid uuid not null unique,
        appointment_type varchar(255),
        booking_reference varchar(255) unique,
        status varchar(255) not null check (status in ('AVAILABLE','BOOKED','CANCELLED','BLOCKED')),
        primary key (id)
    )
Hibernate: 
    create table appointment_slots (
        availability_id bigint not null,
        created_at timestamp(6) with time zone not null,
        id bigserial not null,
        patient_id bigint,
        provider_id bigint not null,
        slot_end_time timestamp(6) with time zone not null,
        slot_start_time timestamp(6) with time zone not null,
        updated_at timestamp(6) with time zone not null,
        uuid uuid not null unique,
        appointment_type varchar(255),
        booking_reference varchar(255) unique,
        status varchar(255) not null check (status in ('AVAILABLE','BOOKED','CANCELLED','BLOCKED')),
        primary key (id)
    )
2025-08-13T11:48:06.536+05:30 DEBUG 184709 --- [           main] org.hibernate.SQL                        : 
    create table patient_medical_history (
        patient_id bigint not null,
        medical_history varchar(255)
    )
Hibernate: 
    create table patient_medical_history (
        patient_id bigint not null,
        medical_history varchar(255)
    )
2025-08-13T11:48:06.538+05:30 DEBUG 184709 --- [           main] org.hibernate.SQL                        : 
    create table patients (
        date_of_birth date not null,
        email_verified boolean not null,
        is_active boolean not null,
        phone_verified boolean not null,
        created_at timestamp(6) with time zone,
        id bigserial not null,
        updated_at timestamp(6) with time zone,
        uuid uuid not null unique,
        first_name varchar(50) not null,
        last_name varchar(50) not null,
        city varchar(255),
        email varchar(255) not null unique,
        gender varchar(255) not null check (gender in ('MALE','FEMALE','OTHER','PREFER_NOT_TO_SAY')),
        name varchar(255),
        password_hash varchar(255) not null,
        phone varchar(255),
        phone_number varchar(255) not null unique,
        policy_number varchar(255),
        provider varchar(255),
        relationship varchar(255),
        state varchar(255),
        street varchar(255),
        zip varchar(255),
        primary key (id)
    )
Hibernate: 
    create table patients (
        date_of_birth date not null,
        email_verified boolean not null,
        is_active boolean not null,
        phone_verified boolean not null,
        created_at timestamp(6) with time zone,
        id bigserial not null,
        updated_at timestamp(6) with time zone,
        uuid uuid not null unique,
        first_name varchar(50) not null,
        last_name varchar(50) not null,
        city varchar(255),
        email varchar(255) not null unique,
        gender varchar(255) not null check (gender in ('MALE','FEMALE','OTHER','PREFER_NOT_TO_SAY')),
        name varchar(255),
        password_hash varchar(255) not null,
        phone varchar(255),
        phone_number varchar(255) not null unique,
        policy_number varchar(255),
        provider varchar(255),
        relationship varchar(255),
        state varchar(255),
        street varchar(255),
        zip varchar(255),
        primary key (id)
    )
2025-08-13T11:48:06.546+05:30 DEBUG 184709 --- [           main] org.hibernate.SQL                        : 
    create table provider_availability (
        base_fee numeric(10,2),
        break_duration integer not null check ((break_duration>=0) and (break_duration<=120)),
        current_appointments integer not null check (current_appointments>=0),
        date date not null,
        end_time time(6) not null,
        insurance_accepted boolean,
        is_recurring boolean not null,
        max_appointments_per_slot integer not null check ((max_appointments_per_slot>=1) and (max_appointments_per_slot<=10)),
        recurrence_end_date date,
        slot_duration integer not null check ((slot_duration<=480) and (slot_duration>=15)),
        start_time time(6) not null,
        created_at timestamp(6) with time zone not null,
        id bigserial not null,
        provider_id bigint not null,
        updated_at timestamp(6) with time zone not null,
        uuid uuid not null unique,
        notes TEXT,
        appointment_type varchar(255) not null check (appointment_type in ('CONSULTATION','FOLLOW_UP','EMERGENCY','TELEMEDICINE')),
        currency varchar(255),
        location_address varchar(255),
        location_type varchar(255) not null check (location_type in ('CLINIC','HOSPITAL','TELEMEDICINE','HOME_VISIT')),
        recurrence_pattern varchar(255) check (recurrence_pattern in ('DAILY','WEEKLY','MONTHLY')),
        room_number varchar(255),
        status varchar(255) not null check (status in ('AVAILABLE','BOOKED','CANCELLED','BLOCKED','MAINTENANCE')),
        timezone varchar(255) not null,
        primary key (id)
    )
Hibernate: 
    create table provider_availability (
        base_fee numeric(10,2),
        break_duration integer not null check ((break_duration>=0) and (break_duration<=120)),
        current_appointments integer not null check (current_appointments>=0),
        date date not null,
        end_time time(6) not null,
        insurance_accepted boolean,
        is_recurring boolean not null,
        max_appointments_per_slot integer not null check ((max_appointments_per_slot>=1) and (max_appointments_per_slot<=10)),
        recurrence_end_date date,
        slot_duration integer not null check ((slot_duration<=480) and (slot_duration>=15)),
        start_time time(6) not null,
        created_at timestamp(6) with time zone not null,
        id bigserial not null,
        provider_id bigint not null,
        updated_at timestamp(6) with time zone not null,
        uuid uuid not null unique,
        notes TEXT,
        appointment_type varchar(255) not null check (appointment_type in ('CONSULTATION','FOLLOW_UP','EMERGENCY','TELEMEDICINE')),
        currency varchar(255),
        location_address varchar(255),
        location_type varchar(255) not null check (location_type in ('CLINIC','HOSPITAL','TELEMEDICINE','HOME_VISIT')),
        recurrence_pattern varchar(255) check (recurrence_pattern in ('DAILY','WEEKLY','MONTHLY')),
        room_number varchar(255),
        status varchar(255) not null check (status in ('AVAILABLE','BOOKED','CANCELLED','BLOCKED','MAINTENANCE')),
        timezone varchar(255) not null,
        primary key (id)
    )
2025-08-13T11:48:06.554+05:30 DEBUG 184709 --- [           main] org.hibernate.SQL                        : 
    create table provider_availability_special_requirements (
        availability_id bigint not null,
        requirement varchar(255)
    )
Hibernate: 
    create table provider_availability_special_requirements (
        availability_id bigint not null,
        requirement varchar(255)
    )
2025-08-13T11:48:06.556+05:30 DEBUG 184709 --- [           main] org.hibernate.SQL                        : 
    create table providers (
        is_active boolean not null,
        years_of_experience integer check ((years_of_experience>=0) and (years_of_experience<=50)),
        created_at timestamp(6) not null,
        id bigserial not null,
        updated_at timestamp(6) not null,
        uuid uuid not null unique,
        first_name varchar(50) not null,
        last_name varchar(50) not null,
        specialization varchar(100) not null,
        clinic_city varchar(255) not null,
        clinic_state varchar(255) not null,
        clinic_street varchar(255) not null,
        clinic_zip varchar(255) not null,
        email varchar(255) not null unique,
        license_number varchar(255) not null unique,
        password_hash varchar(255) not null,
        phone_number varchar(255) not null unique,
        verification_status varchar(255) not null check (verification_status in ('PENDING','VERIFIED','REJECTED')),
        primary key (id)
    )
Hibernate: 
    create table providers (
        is_active boolean not null,
        years_of_experience integer check ((years_of_experience>=0) and (years_of_experience<=50)),
        created_at timestamp(6) not null,
        id bigserial not null,
        updated_at timestamp(6) not null,
        uuid uuid not null unique,
        first_name varchar(50) not null,
        last_name varchar(50) not null,
        specialization varchar(100) not null,
        clinic_city varchar(255) not null,
        clinic_state varchar(255) not null,
        clinic_street varchar(255) not null,
        clinic_zip varchar(255) not null,
        email varchar(255) not null unique,
        license_number varchar(255) not null unique,
        password_hash varchar(255) not null,
        phone_number varchar(255) not null unique,
        verification_status varchar(255) not null check (verification_status in ('PENDING','VERIFIED','REJECTED')),
        primary key (id)
    )
2025-08-13T11:48:06.565+05:30 DEBUG 184709 --- [           main] org.hibernate.SQL                        : 
    alter table if exists appointment_slots 
       add constraint FKftxjajf2t5r4ahhur7l1goj0g 
       foreign key (availability_id) 
       references provider_availability
Hibernate: 
    alter table if exists appointment_slots 
       add constraint FKftxjajf2t5r4ahhur7l1goj0g 
       foreign key (availability_id) 
       references provider_availability
2025-08-13T11:48:06.568+05:30 DEBUG 184709 --- [           main] org.hibernate.SQL                        : 
    alter table if exists appointment_slots 
       add constraint FKpmfyqwawdwtsbl0fvf68ns3bs 
       foreign key (patient_id) 
       references patients
Hibernate: 
    alter table if exists appointment_slots 
       add constraint FKpmfyqwawdwtsbl0fvf68ns3bs 
       foreign key (patient_id) 
       references patients
2025-08-13T11:48:06.570+05:30 DEBUG 184709 --- [           main] org.hibernate.SQL                        : 
    alter table if exists appointment_slots 
       add constraint FKjcceiw4ssitqttyycjy6616xd 
       foreign key (provider_id) 
       references providers
Hibernate: 
    alter table if exists appointment_slots 
       add constraint FKjcceiw4ssitqttyycjy6616xd 
       foreign key (provider_id) 
       references providers
2025-08-13T11:48:06.573+05:30 DEBUG 184709 --- [           main] org.hibernate.SQL                        : 
    alter table if exists patient_medical_history 
       add constraint FKh1h5vct3rhl2mei2663c58ykn 
       foreign key (patient_id) 
       references patients
Hibernate: 
    alter table if exists patient_medical_history 
       add constraint FKh1h5vct3rhl2mei2663c58ykn 
       foreign key (patient_id) 
       references patients
2025-08-13T11:48:06.575+05:30 DEBUG 184709 --- [           main] org.hibernate.SQL                        : 
    alter table if exists provider_availability 
       add constraint FKf63f5ogx2p3oj9lc53c6jlod7 
       foreign key (provider_id) 
       references providers
Hibernate: 
    alter table if exists provider_availability 
       add constraint FKf63f5ogx2p3oj9lc53c6jlod7 
       foreign key (provider_id) 
       references providers
2025-08-13T11:48:06.577+05:30 DEBUG 184709 --- [           main] org.hibernate.SQL                        : 
    alter table if exists provider_availability_special_requirements 
       add constraint FKq97w1pm46bjvr3dj7jarvquny 
       foreign key (availability_id) 
       references provider_availability
Hibernate: 
    alter table if exists provider_availability_special_requirements 
       add constraint FKq97w1pm46bjvr3dj7jarvquny 
       foreign key (availability_id) 
       references provider_availability
2025-08-13T11:48:06.582+05:30  INFO 184709 --- [           main] j.LocalContainerEntityManagerFactoryBean : Initialized JPA EntityManagerFactory for persistence unit 'default'
2025-08-13T11:48:06.848+05:30  WARN 184709 --- [           main] JpaBaseConfiguration$JpaWebConfiguration : spring.jpa.open-in-view is enabled by default. Therefore, database queries may be performed during view rendering. Explicitly configure spring.jpa.open-in-view to disable this warning
2025-08-13T11:48:06.895+05:30 DEBUG 184709 --- [           main] s.w.s.m.m.a.RequestMappingHandlerMapping : 39 mappings in 'requestMappingHandlerMapping'
2025-08-13T11:48:06.922+05:30 DEBUG 184709 --- [           main] o.s.w.s.handler.SimpleUrlHandlerMapping  : Patterns [/webjars/**, /**, /swagger-ui*/*swagger-initializer.js, /swagger-ui*/**] in 'resourceHandlerMapping'
2025-08-13T11:48:06.928+05:30  INFO 184709 --- [           main] o.s.s.web.DefaultSecurityFilterChain     : Will secure any request with [org.springframework.security.web.session.DisableEncodeUrlFilter@41404e50, org.springframework.security.web.context.request.async.WebAsyncManagerIntegrationFilter@16535150, org.springframework.security.web.context.SecurityContextHolderFilter@320d4c62, org.springframework.security.web.header.HeaderWriterFilter@3b47adeb, org.springframework.web.filter.CorsFilter@1b08681b, org.springframework.security.web.authentication.logout.LogoutFilter@f9b0bfb, org.springframework.security.web.savedrequest.RequestCacheAwareFilter@67d1a3af, org.springframework.security.web.servletapi.SecurityContextHolderAwareRequestFilter@617f624b, org.springframework.security.web.authentication.AnonymousAuthenticationFilter@365a82c6, org.springframework.security.web.session.SessionManagementFilter@68ebc1ed, org.springframework.security.web.access.ExceptionTranslationFilter@210e90fc, org.springframework.security.web.access.intercept.AuthorizationFilter@7fca46aa]
2025-08-13T11:48:06.969+05:30 DEBUG 184709 --- [           main] s.w.s.m.m.a.RequestMappingHandlerAdapter : ControllerAdvice beans: 0 @ModelAttribute, 0 @InitBinder, 1 RequestBodyAdvice, 1 ResponseBodyAdvice
2025-08-13T11:48:06.973+05:30 DEBUG 184709 --- [           main] .m.m.a.ExceptionHandlerExceptionResolver : ControllerAdvice beans: 2 @ExceptionHandler, 1 ResponseBodyAdvice
2025-08-13T11:48:07.020+05:30  INFO 184709 --- [           main] c.h.s.controller.AuthControllerTest      : Started AuthControllerTest in 0.968 seconds (process running for 9.428)
2025-08-13T11:48:07.026+05:30  INFO 184709 --- [           main] o.s.b.t.m.w.SpringBootMockServletContext : Initializing Spring TestDispatcherServlet ''
2025-08-13T11:48:07.027+05:30  INFO 184709 --- [           main] o.s.t.web.servlet.TestDispatcherServlet  : Initializing Servlet ''
2025-08-13T11:48:07.027+05:30  INFO 184709 --- [           main] o.s.t.web.servlet.TestDispatcherServlet  : Completed initialization in 0 ms
2025-08-13T11:48:07.421+05:30 DEBUG 184709 --- [           main] org.hibernate.SQL                        : 
    insert 
    into
        providers
        (clinic_city, clinic_state, clinic_street, clinic_zip, created_at, email, first_name, is_active, last_name, license_number, password_hash, phone_number, specialization, updated_at, uuid, verification_status, years_of_experience) 
    values
        (?, ?, ?, ?, ?, ?, ?, ?, ?, ?, ?, ?, ?, ?, ?, ?, ?)
Hibernate: 
    insert 
    into
        providers
        (clinic_city, clinic_state, clinic_street, clinic_zip, created_at, email, first_name, is_active, last_name, license_number, password_hash, phone_number, specialization, updated_at, uuid, verification_status, years_of_experience) 
    values
        (?, ?, ?, ?, ?, ?, ?, ?, ?, ?, ?, ?, ?, ?, ?, ?, ?)
2025-08-13T11:48:07.441+05:30 DEBUG 184709 --- [           main] s.w.s.m.m.a.RequestMappingHandlerMapping : Mapped to com.healthfirst.server.controller.AuthController#login(LoginRequest)
2025-08-13T11:48:07.444+05:30 DEBUG 184709 --- [           main] m.m.a.RequestResponseBodyMethodProcessor : Read "application/json" to [com.healthfirst.server.dto.LoginRequest@45fc10ea]
2025-08-13T11:48:07.525+05:30 DEBUG 184709 --- [           main] org.hibernate.SQL                        : 
    update
        providers 
    set
        clinic_city=?,
        clinic_state=?,
        clinic_street=?,
        clinic_zip=?,
        email=?,
        first_name=?,
        is_active=?,
        last_name=?,
        license_number=?,
        password_hash=?,
        phone_number=?,
        specialization=?,
        updated_at=?,
        uuid=?,
        verification_status=?,
        years_of_experience=? 
    where
        id=?
Hibernate: 
    update
        providers 
    set
        clinic_city=?,
        clinic_state=?,
        clinic_street=?,
        clinic_zip=?,
        email=?,
        first_name=?,
        is_active=?,
        last_name=?,
        license_number=?,
        password_hash=?,
        phone_number=?,
        specialization=?,
        updated_at=?,
        uuid=?,
        verification_status=?,
        years_of_experience=? 
    where
        id=?
2025-08-13T11:48:07.549+05:30 DEBUG 184709 --- [           main] org.hibernate.SQL                        : 
    select
        p1_0.id,
        p1_0.clinic_city,
        p1_0.clinic_state,
        p1_0.clinic_street,
        p1_0.clinic_zip,
        p1_0.created_at,
        p1_0.email,
        p1_0.first_name,
        p1_0.is_active,
        p1_0.last_name,
        p1_0.license_number,
        p1_0.password_hash,
        p1_0.phone_number,
        p1_0.specialization,
        p1_0.updated_at,
        p1_0.uuid,
        p1_0.verification_status,
        p1_0.years_of_experience 
    from
        providers p1_0 
    where
        p1_0.email=?
Hibernate: 
    select
        p1_0.id,
        p1_0.clinic_city,
        p1_0.clinic_state,
        p1_0.clinic_street,
        p1_0.clinic_zip,
        p1_0.created_at,
        p1_0.email,
        p1_0.first_name,
        p1_0.is_active,
        p1_0.last_name,
        p1_0.license_number,
        p1_0.password_hash,
        p1_0.phone_number,
        p1_0.specialization,
        p1_0.updated_at,
        p1_0.uuid,
        p1_0.verification_status,
        p1_0.years_of_experience 
    from
        providers p1_0 
    where
        p1_0.email=?
2025-08-13T11:48:07.915+05:30 DEBUG 184709 --- [           main] o.s.w.s.m.m.a.HttpEntityMethodProcessor  : Using 'application/json', given [*/*] and supported [application/json, application/*+json]
2025-08-13T11:48:07.915+05:30 DEBUG 184709 --- [           main] o.s.w.s.m.m.a.HttpEntityMethodProcessor  : Writing [com.healthfirst.server.dto.ApiResponse@1b617ae1]
]]></system-out>
  </testcase>
  <testcase name="login_InvalidCredentials" classname="com.healthfirst.server.controller.AuthControllerTest" time="0.644">
    <system-out><![CDATA[2025-08-13T11:48:07.925+05:30  INFO 184709 --- [           main] o.s.b.t.m.w.SpringBootMockServletContext : Initializing Spring TestDispatcherServlet ''
2025-08-13T11:48:07.925+05:30  INFO 184709 --- [           main] o.s.t.web.servlet.TestDispatcherServlet  : Initializing Servlet ''
2025-08-13T11:48:07.926+05:30  INFO 184709 --- [           main] o.s.t.web.servlet.TestDispatcherServlet  : Completed initialization in 1 ms
2025-08-13T11:48:08.262+05:30 DEBUG 184709 --- [           main] org.hibernate.SQL                        : 
    insert 
    into
        providers
        (clinic_city, clinic_state, clinic_street, clinic_zip, created_at, email, first_name, is_active, last_name, license_number, password_hash, phone_number, specialization, updated_at, uuid, verification_status, years_of_experience) 
    values
        (?, ?, ?, ?, ?, ?, ?, ?, ?, ?, ?, ?, ?, ?, ?, ?, ?)
Hibernate: 
    insert 
    into
        providers
        (clinic_city, clinic_state, clinic_street, clinic_zip, created_at, email, first_name, is_active, last_name, license_number, password_hash, phone_number, specialization, updated_at, uuid, verification_status, years_of_experience) 
    values
        (?, ?, ?, ?, ?, ?, ?, ?, ?, ?, ?, ?, ?, ?, ?, ?, ?)
2025-08-13T11:48:08.265+05:30 DEBUG 184709 --- [           main] s.w.s.m.m.a.RequestMappingHandlerMapping : Mapped to com.healthfirst.server.controller.AuthController#login(LoginRequest)
2025-08-13T11:48:08.265+05:30 DEBUG 184709 --- [           main] m.m.a.RequestResponseBodyMethodProcessor : Read "application/json" to [com.healthfirst.server.dto.LoginRequest@57accba6]
2025-08-13T11:48:08.267+05:30 DEBUG 184709 --- [           main] org.hibernate.SQL                        : 
    select
        p1_0.id,
        p1_0.clinic_city,
        p1_0.clinic_state,
        p1_0.clinic_street,
        p1_0.clinic_zip,
        p1_0.created_at,
        p1_0.email,
        p1_0.first_name,
        p1_0.is_active,
        p1_0.last_name,
        p1_0.license_number,
        p1_0.password_hash,
        p1_0.phone_number,
        p1_0.specialization,
        p1_0.updated_at,
        p1_0.uuid,
        p1_0.verification_status,
        p1_0.years_of_experience 
    from
        providers p1_0 
    where
        p1_0.email=?
Hibernate: 
    select
        p1_0.id,
        p1_0.clinic_city,
        p1_0.clinic_state,
        p1_0.clinic_street,
        p1_0.clinic_zip,
        p1_0.created_at,
        p1_0.email,
        p1_0.first_name,
        p1_0.is_active,
        p1_0.last_name,
        p1_0.license_number,
        p1_0.password_hash,
        p1_0.phone_number,
        p1_0.specialization,
        p1_0.updated_at,
        p1_0.uuid,
        p1_0.verification_status,
        p1_0.years_of_experience 
    from
        providers p1_0 
    where
        p1_0.email=?
2025-08-13T11:48:08.561+05:30 DEBUG 184709 --- [           main] o.s.w.s.m.m.a.HttpEntityMethodProcessor  : Using 'application/json', given [*/*] and supported [application/json, application/*+json]
2025-08-13T11:48:08.561+05:30 DEBUG 184709 --- [           main] o.s.w.s.m.m.a.HttpEntityMethodProcessor  : Writing [com.healthfirst.server.dto.ApiResponse@62df22d5]
]]></system-out>
  </testcase>
  <testcase name="login_EmptyPassword" classname="com.healthfirst.server.controller.AuthControllerTest" time="0.312">
    <system-out><![CDATA[2025-08-13T11:48:08.568+05:30  INFO 184709 --- [           main] o.s.b.t.m.w.SpringBootMockServletContext : Initializing Spring TestDispatcherServlet ''
2025-08-13T11:48:08.568+05:30  INFO 184709 --- [           main] o.s.t.web.servlet.TestDispatcherServlet  : Initializing Servlet ''
2025-08-13T11:48:08.569+05:30  INFO 184709 --- [           main] o.s.t.web.servlet.TestDispatcherServlet  : Completed initialization in 1 ms
2025-08-13T11:48:08.862+05:30 DEBUG 184709 --- [           main] org.hibernate.SQL                        : 
    insert 
    into
        providers
        (clinic_city, clinic_state, clinic_street, clinic_zip, created_at, email, first_name, is_active, last_name, license_number, password_hash, phone_number, specialization, updated_at, uuid, verification_status, years_of_experience) 
    values
        (?, ?, ?, ?, ?, ?, ?, ?, ?, ?, ?, ?, ?, ?, ?, ?, ?)
Hibernate: 
    insert 
    into
        providers
        (clinic_city, clinic_state, clinic_street, clinic_zip, created_at, email, first_name, is_active, last_name, license_number, password_hash, phone_number, specialization, updated_at, uuid, verification_status, years_of_experience) 
    values
        (?, ?, ?, ?, ?, ?, ?, ?, ?, ?, ?, ?, ?, ?, ?, ?, ?)
2025-08-13T11:48:08.864+05:30 DEBUG 184709 --- [           main] s.w.s.m.m.a.RequestMappingHandlerMapping : Mapped to com.healthfirst.server.controller.AuthController#login(LoginRequest)
2025-08-13T11:48:08.865+05:30 DEBUG 184709 --- [           main] m.m.a.RequestResponseBodyMethodProcessor : Read "application/json" to [com.healthfirst.server.dto.LoginRequest@4f437f41]
2025-08-13T11:48:08.874+05:30 DEBUG 184709 --- [           main] .m.m.a.ExceptionHandlerExceptionResolver : Using @ExceptionHandler com.healthfirst.server.exception.GlobalExceptionHandler#handleValidationExceptions(MethodArgumentNotValidException)
2025-08-13T11:48:08.875+05:30 DEBUG 184709 --- [           main] o.s.w.s.m.m.a.HttpEntityMethodProcessor  : Using 'application/json', given [*/*] and supported [application/json, application/*+json]
2025-08-13T11:48:08.875+05:30 DEBUG 184709 --- [           main] o.s.w.s.m.m.a.HttpEntityMethodProcessor  : Writing [com.healthfirst.server.dto.ApiResponse@2f444df0]
2025-08-13T11:48:08.876+05:30 DEBUG 184709 --- [           main] .m.m.a.ExceptionHandlerExceptionResolver : Resolved [org.springframework.web.bind.MethodArgumentNotValidException: Validation failed for argument [0] in public org.springframework.http.ResponseEntity<com.healthfirst.server.dto.ApiResponse<com.healthfirst.server.dto.LoginResponse>> com.healthfirst.server.controller.AuthController.login(com.healthfirst.server.dto.LoginRequest): [Field error in object 'loginRequest' on field 'password': rejected value []; codes [NotBlank.loginRequest.password,NotBlank.password,NotBlank.java.lang.String,NotBlank]; arguments [org.springframework.context.support.DefaultMessageSourceResolvable: codes [loginRequest.password,password]; arguments []; default message [password]]; default message [Password is required]] ]
]]></system-out>
  </testcase>
  <testcase name="login_InvalidEmailFormat" classname="com.healthfirst.server.controller.AuthControllerTest" time="0.308">
    <system-out><![CDATA[2025-08-13T11:48:08.881+05:30  INFO 184709 --- [           main] o.s.b.t.m.w.SpringBootMockServletContext : Initializing Spring TestDispatcherServlet ''
2025-08-13T11:48:08.881+05:30  INFO 184709 --- [           main] o.s.t.web.servlet.TestDispatcherServlet  : Initializing Servlet ''
2025-08-13T11:48:08.881+05:30  INFO 184709 --- [           main] o.s.t.web.servlet.TestDispatcherServlet  : Completed initialization in 0 ms
2025-08-13T11:48:09.176+05:30 DEBUG 184709 --- [           main] org.hibernate.SQL                        : 
    insert 
    into
        providers
        (clinic_city, clinic_state, clinic_street, clinic_zip, created_at, email, first_name, is_active, last_name, license_number, password_hash, phone_number, specialization, updated_at, uuid, verification_status, years_of_experience) 
    values
        (?, ?, ?, ?, ?, ?, ?, ?, ?, ?, ?, ?, ?, ?, ?, ?, ?)
Hibernate: 
    insert 
    into
        providers
        (clinic_city, clinic_state, clinic_street, clinic_zip, created_at, email, first_name, is_active, last_name, license_number, password_hash, phone_number, specialization, updated_at, uuid, verification_status, years_of_experience) 
    values
        (?, ?, ?, ?, ?, ?, ?, ?, ?, ?, ?, ?, ?, ?, ?, ?, ?)
2025-08-13T11:48:09.181+05:30 DEBUG 184709 --- [           main] s.w.s.m.m.a.RequestMappingHandlerMapping : Mapped to com.healthfirst.server.controller.AuthController#login(LoginRequest)
2025-08-13T11:48:09.182+05:30 DEBUG 184709 --- [           main] m.m.a.RequestResponseBodyMethodProcessor : Read "application/json" to [com.healthfirst.server.dto.LoginRequest@5c40e398]
2025-08-13T11:48:09.183+05:30 DEBUG 184709 --- [           main] .m.m.a.ExceptionHandlerExceptionResolver : Using @ExceptionHandler com.healthfirst.server.exception.GlobalExceptionHandler#handleValidationExceptions(MethodArgumentNotValidException)
2025-08-13T11:48:09.183+05:30 DEBUG 184709 --- [           main] o.s.w.s.m.m.a.HttpEntityMethodProcessor  : Using 'application/json', given [*/*] and supported [application/json, application/*+json]
2025-08-13T11:48:09.184+05:30 DEBUG 184709 --- [           main] o.s.w.s.m.m.a.HttpEntityMethodProcessor  : Writing [com.healthfirst.server.dto.ApiResponse@5c5121f9]
2025-08-13T11:48:09.185+05:30 DEBUG 184709 --- [           main] .m.m.a.ExceptionHandlerExceptionResolver : Resolved [org.springframework.web.bind.MethodArgumentNotValidException: Validation failed for argument [0] in public org.springframework.http.ResponseEntity<com.healthfirst.server.dto.ApiResponse<com.healthfirst.server.dto.LoginResponse>> com.healthfirst.server.controller.AuthController.login(com.healthfirst.server.dto.LoginRequest): [Field error in object 'loginRequest' on field 'email': rejected value [invalid-email]; codes [Email.loginRequest.email,Email.email,Email.java.lang.String,Email]; arguments [org.springframework.context.support.DefaultMessageSourceResolvable: codes [loginRequest.email,email]; arguments []; default message [email],[Ljakarta.validation.constraints.Pattern$Flag;@4ad1ca85,.*]; default message [Email must be a valid email format]] ]
]]></system-out>
  </testcase>
  <testcase name="login_Success" classname="com.healthfirst.server.controller.AuthControllerTest" time="0.624">
    <system-out><![CDATA[2025-08-13T11:48:09.190+05:30  INFO 184709 --- [           main] o.s.b.t.m.w.SpringBootMockServletContext : Initializing Spring TestDispatcherServlet ''
2025-08-13T11:48:09.190+05:30  INFO 184709 --- [           main] o.s.t.web.servlet.TestDispatcherServlet  : Initializing Servlet ''
2025-08-13T11:48:09.190+05:30  INFO 184709 --- [           main] o.s.t.web.servlet.TestDispatcherServlet  : Completed initialization in 0 ms
2025-08-13T11:48:09.485+05:30 DEBUG 184709 --- [           main] org.hibernate.SQL                        : 
    insert 
    into
        providers
        (clinic_city, clinic_state, clinic_street, clinic_zip, created_at, email, first_name, is_active, last_name, license_number, password_hash, phone_number, specialization, updated_at, uuid, verification_status, years_of_experience) 
    values
        (?, ?, ?, ?, ?, ?, ?, ?, ?, ?, ?, ?, ?, ?, ?, ?, ?)
Hibernate: 
    insert 
    into
        providers
        (clinic_city, clinic_state, clinic_street, clinic_zip, created_at, email, first_name, is_active, last_name, license_number, password_hash, phone_number, specialization, updated_at, uuid, verification_status, years_of_experience) 
    values
        (?, ?, ?, ?, ?, ?, ?, ?, ?, ?, ?, ?, ?, ?, ?, ?, ?)
2025-08-13T11:48:09.494+05:30 DEBUG 184709 --- [           main] s.w.s.m.m.a.RequestMappingHandlerMapping : Mapped to com.healthfirst.server.controller.AuthController#login(LoginRequest)
2025-08-13T11:48:09.494+05:30 DEBUG 184709 --- [           main] m.m.a.RequestResponseBodyMethodProcessor : Read "application/json" to [com.healthfirst.server.dto.LoginRequest@54e1dc9a]
2025-08-13T11:48:09.496+05:30 DEBUG 184709 --- [           main] org.hibernate.SQL                        : 
    select
        p1_0.id,
        p1_0.clinic_city,
        p1_0.clinic_state,
        p1_0.clinic_street,
        p1_0.clinic_zip,
        p1_0.created_at,
        p1_0.email,
        p1_0.first_name,
        p1_0.is_active,
        p1_0.last_name,
        p1_0.license_number,
        p1_0.password_hash,
        p1_0.phone_number,
        p1_0.specialization,
        p1_0.updated_at,
        p1_0.uuid,
        p1_0.verification_status,
        p1_0.years_of_experience 
    from
        providers p1_0 
    where
        p1_0.email=?
Hibernate: 
    select
        p1_0.id,
        p1_0.clinic_city,
        p1_0.clinic_state,
        p1_0.clinic_street,
        p1_0.clinic_zip,
        p1_0.created_at,
        p1_0.email,
        p1_0.first_name,
        p1_0.is_active,
        p1_0.last_name,
        p1_0.license_number,
        p1_0.password_hash,
        p1_0.phone_number,
        p1_0.specialization,
        p1_0.updated_at,
        p1_0.uuid,
        p1_0.verification_status,
        p1_0.years_of_experience 
    from
        providers p1_0 
    where
        p1_0.email=?
2025-08-13T11:48:09.807+05:30 DEBUG 184709 --- [           main] o.s.w.s.m.m.a.HttpEntityMethodProcessor  : Using 'application/json', given [*/*] and supported [application/json, application/*+json]
2025-08-13T11:48:09.807+05:30 DEBUG 184709 --- [           main] o.s.w.s.m.m.a.HttpEntityMethodProcessor  : Writing [com.healthfirst.server.dto.ApiResponse@12b4dc17]
]]></system-out>
  </testcase>
  <testcase name="login_NonExistentEmail" classname="com.healthfirst.server.controller.AuthControllerTest" time="0.3">
    <system-out><![CDATA[2025-08-13T11:48:09.814+05:30  INFO 184709 --- [           main] o.s.b.t.m.w.SpringBootMockServletContext : Initializing Spring TestDispatcherServlet ''
2025-08-13T11:48:09.815+05:30  INFO 184709 --- [           main] o.s.t.web.servlet.TestDispatcherServlet  : Initializing Servlet ''
2025-08-13T11:48:09.815+05:30  INFO 184709 --- [           main] o.s.t.web.servlet.TestDispatcherServlet  : Completed initialization in 0 ms
2025-08-13T11:48:10.105+05:30 DEBUG 184709 --- [           main] org.hibernate.SQL                        : 
    insert 
    into
        providers
        (clinic_city, clinic_state, clinic_street, clinic_zip, created_at, email, first_name, is_active, last_name, license_number, password_hash, phone_number, specialization, updated_at, uuid, verification_status, years_of_experience) 
    values
        (?, ?, ?, ?, ?, ?, ?, ?, ?, ?, ?, ?, ?, ?, ?, ?, ?)
Hibernate: 
    insert 
    into
        providers
        (clinic_city, clinic_state, clinic_street, clinic_zip, created_at, email, first_name, is_active, last_name, license_number, password_hash, phone_number, specialization, updated_at, uuid, verification_status, years_of_experience) 
    values
        (?, ?, ?, ?, ?, ?, ?, ?, ?, ?, ?, ?, ?, ?, ?, ?, ?)
2025-08-13T11:48:10.107+05:30 DEBUG 184709 --- [           main] s.w.s.m.m.a.RequestMappingHandlerMapping : Mapped to com.healthfirst.server.controller.AuthController#login(LoginRequest)
2025-08-13T11:48:10.108+05:30 DEBUG 184709 --- [           main] m.m.a.RequestResponseBodyMethodProcessor : Read "application/json" to [com.healthfirst.server.dto.LoginRequest@7a6eb4bb]
2025-08-13T11:48:10.109+05:30 DEBUG 184709 --- [           main] org.hibernate.SQL                        : 
    select
        p1_0.id,
        p1_0.clinic_city,
        p1_0.clinic_state,
        p1_0.clinic_street,
        p1_0.clinic_zip,
        p1_0.created_at,
        p1_0.email,
        p1_0.first_name,
        p1_0.is_active,
        p1_0.last_name,
        p1_0.license_number,
        p1_0.password_hash,
        p1_0.phone_number,
        p1_0.specialization,
        p1_0.updated_at,
        p1_0.uuid,
        p1_0.verification_status,
        p1_0.years_of_experience 
    from
        providers p1_0 
    where
        p1_0.email=?
Hibernate: 
    select
        p1_0.id,
        p1_0.clinic_city,
        p1_0.clinic_state,
        p1_0.clinic_street,
        p1_0.clinic_zip,
        p1_0.created_at,
        p1_0.email,
        p1_0.first_name,
        p1_0.is_active,
        p1_0.last_name,
        p1_0.license_number,
        p1_0.password_hash,
        p1_0.phone_number,
        p1_0.specialization,
        p1_0.updated_at,
        p1_0.uuid,
        p1_0.verification_status,
        p1_0.years_of_experience 
    from
        providers p1_0 
    where
        p1_0.email=?
2025-08-13T11:48:10.110+05:30 DEBUG 184709 --- [           main] o.s.w.s.m.m.a.HttpEntityMethodProcessor  : Using 'application/json', given [*/*] and supported [application/json, application/*+json]
2025-08-13T11:48:10.111+05:30 DEBUG 184709 --- [           main] o.s.w.s.m.m.a.HttpEntityMethodProcessor  : Writing [com.healthfirst.server.dto.ApiResponse@187271bf]
]]></system-out>
  </testcase>
  <testcase name="login_UnverifiedAccount" classname="com.healthfirst.server.controller.AuthControllerTest" time="0.603">
    <system-out><![CDATA[2025-08-13T11:48:10.116+05:30  INFO 184709 --- [           main] o.s.b.t.m.w.SpringBootMockServletContext : Initializing Spring TestDispatcherServlet ''
2025-08-13T11:48:10.116+05:30  INFO 184709 --- [           main] o.s.t.web.servlet.TestDispatcherServlet  : Initializing Servlet ''
2025-08-13T11:48:10.116+05:30  INFO 184709 --- [           main] o.s.t.web.servlet.TestDispatcherServlet  : Completed initialization in 0 ms
2025-08-13T11:48:10.407+05:30 DEBUG 184709 --- [           main] org.hibernate.SQL                        : 
    insert 
    into
        providers
        (clinic_city, clinic_state, clinic_street, clinic_zip, created_at, email, first_name, is_active, last_name, license_number, password_hash, phone_number, specialization, updated_at, uuid, verification_status, years_of_experience) 
    values
        (?, ?, ?, ?, ?, ?, ?, ?, ?, ?, ?, ?, ?, ?, ?, ?, ?)
Hibernate: 
    insert 
    into
        providers
        (clinic_city, clinic_state, clinic_street, clinic_zip, created_at, email, first_name, is_active, last_name, license_number, password_hash, phone_number, specialization, updated_at, uuid, verification_status, years_of_experience) 
    values
        (?, ?, ?, ?, ?, ?, ?, ?, ?, ?, ?, ?, ?, ?, ?, ?, ?)
2025-08-13T11:48:10.410+05:30 DEBUG 184709 --- [           main] s.w.s.m.m.a.RequestMappingHandlerMapping : Mapped to com.healthfirst.server.controller.AuthController#login(LoginRequest)
2025-08-13T11:48:10.410+05:30 DEBUG 184709 --- [           main] m.m.a.RequestResponseBodyMethodProcessor : Read "application/json" to [com.healthfirst.server.dto.LoginRequest@4b06009d]
2025-08-13T11:48:10.413+05:30 DEBUG 184709 --- [           main] org.hibernate.SQL                        : 
    update
        providers 
    set
        clinic_city=?,
        clinic_state=?,
        clinic_street=?,
        clinic_zip=?,
        email=?,
        first_name=?,
        is_active=?,
        last_name=?,
        license_number=?,
        password_hash=?,
        phone_number=?,
        specialization=?,
        updated_at=?,
        uuid=?,
        verification_status=?,
        years_of_experience=? 
    where
        id=?
Hibernate: 
    update
        providers 
    set
        clinic_city=?,
        clinic_state=?,
        clinic_street=?,
        clinic_zip=?,
        email=?,
        first_name=?,
        is_active=?,
        last_name=?,
        license_number=?,
        password_hash=?,
        phone_number=?,
        specialization=?,
        updated_at=?,
        uuid=?,
        verification_status=?,
        years_of_experience=? 
    where
        id=?
2025-08-13T11:48:10.415+05:30 DEBUG 184709 --- [           main] org.hibernate.SQL                        : 
    select
        p1_0.id,
        p1_0.clinic_city,
        p1_0.clinic_state,
        p1_0.clinic_street,
        p1_0.clinic_zip,
        p1_0.created_at,
        p1_0.email,
        p1_0.first_name,
        p1_0.is_active,
        p1_0.last_name,
        p1_0.license_number,
        p1_0.password_hash,
        p1_0.phone_number,
        p1_0.specialization,
        p1_0.updated_at,
        p1_0.uuid,
        p1_0.verification_status,
        p1_0.years_of_experience 
    from
        providers p1_0 
    where
        p1_0.email=?
Hibernate: 
    select
        p1_0.id,
        p1_0.clinic_city,
        p1_0.clinic_state,
        p1_0.clinic_street,
        p1_0.clinic_zip,
        p1_0.created_at,
        p1_0.email,
        p1_0.first_name,
        p1_0.is_active,
        p1_0.last_name,
        p1_0.license_number,
        p1_0.password_hash,
        p1_0.phone_number,
        p1_0.specialization,
        p1_0.updated_at,
        p1_0.uuid,
        p1_0.verification_status,
        p1_0.years_of_experience 
    from
        providers p1_0 
    where
        p1_0.email=?
2025-08-13T11:48:10.713+05:30 DEBUG 184709 --- [           main] o.s.w.s.m.m.a.HttpEntityMethodProcessor  : Using 'application/json', given [*/*] and supported [application/json, application/*+json]
2025-08-13T11:48:10.713+05:30 DEBUG 184709 --- [           main] o.s.w.s.m.m.a.HttpEntityMethodProcessor  : Writing [com.healthfirst.server.dto.ApiResponse@2c41b93]
]]></system-out>
  </testcase>
</testsuite>